{
  "RSpec": {
    "coverage": {
      "/home/sincere-page-8483/tic-tac-toe-rb-ruby-apply-000/lib/tic_tac_toe.rb": [
        null,
        1,
        null,
        null,
        null,
        null,
        null,
        null,
        null,
        null,
        1,
        null,
        1,
        null,
        2,
        2,
        2,
        2,
        2,
        null,
        null,
        null,
        1,
        3,
        null,
        null,
        null,
        1,
        1,
        null
      ]
    },
    "timestamp": 1598386063
  }
}
